# JRE version: OpenJDK Runtime Environment Temurin-22.0.2+9 (22.0.2+9) (build 22.0.2+9)
# Java VM: OpenJDK 64-Bit Server VM Temurin-22.0.2+9 (22.0.2+9, mixed mode, tiered, compressed oops, compressed class ptrs, g1 gc, windows-amd64)
GC Precious Log:
 CardTable entry size: 512
 Card Set container configuration: InlinePtr #cards 5 size 8 Array Of Cards #cards 12 size 40 Howl #buckets 4 coarsen threshold 1843 Howl Bitmap #cards 512 size 80 coarsen threshold 460 Card regions per heap region 1 cards per card region 2048
 CPUs: 8 total, 8 available
 Memory: 3899M
 Large Page Support: Disabled
 NUMA Support: Disabled
 Compressed Oops: Enabled (32-bit)
 Heap Region Size: 1M
 Heap Min Capacity: 8M
 Heap Initial Capacity: 62M
 Heap Max Capacity: 976M
 Pre-touch: Disabled
 Parallel Workers: 8
 Concurrent Workers: 2
 Concurrent Refinement Workers: 8
 Periodic GC: Disabled
Heap:
 garbage-first heap   total reserved 999424K, committed 37888K, used 19244K [0x00000000c3000000, 0x0000000100000000)
  region size 1024K, 3 young (3072K), 2 survivors (2048K)
 Metaspace       used 33543K, committed 33792K, reserved 1114112K
  class space    used 3764K, committed 3904K, reserved 1048576K
GC Heap History (10 events):
Event: 3.416 GC heap before
{Heap before GC invocations=0 (full 0):
 garbage-first heap   total reserved 999424K, committed 63488K, used 23552K [0x00000000c3000000, 0x0000000100000000)
  region size 1024K, 24 young (24576K), 0 survivors (0K)
 Metaspace       used 16175K, committed 16320K, reserved 1114112K
  class space    used 1598K, committed 1664K, reserved 1048576K
}
Event: 3.433 GC heap after
{Heap after GC invocations=1 (full 0):
 garbage-first heap   total reserved 999424K, committed 63488K, used 8096K [0x00000000c3000000, 0x0000000100000000)
  region size 1024K, 3 young (3072K), 3 survivors (3072K)
 Metaspace       used 16175K, committed 16320K, reserved 1114112K
  class space    used 1598K, committed 1664K, reserved 1048576K
}
Event: 21.112 GC heap before
{Heap before GC invocations=1 (full 0):
 garbage-first heap   total reserved 999424K, committed 63488K, used 24480K [0x00000000c3000000, 0x0000000100000000)
  region size 1024K, 21 young (21504K), 3 survivors (3072K)
 Metaspace       used 21253K, committed 21504K, reserved 1114112K
  class space    used 2249K, committed 2368K, reserved 1048576K
}
Event: 21.131 GC heap after
{Heap after GC invocations=2 (full 0):
 garbage-first heap   total reserved 999424K, committed 63488K, used 9848K [0x00000000c3000000, 0x0000000100000000)
  region size 1024K, 2 young (2048K), 2 survivors (2048K)
 Metaspace       used 21253K, committed 21504K, reserved 1114112K
  class space    used 2249K, committed 2368K, reserved 1048576K
}
Event: 22.814 GC heap before
{Heap before GC invocations=3 (full 0):
 garbage-first heap   total reserved 999424K, committed 37888K, used 29304K [0x00000000c3000000, 0x0000000100000000)
  region size 1024K, 22 young (22528K), 2 survivors (2048K)
 Metaspace       used 28071K, committed 28352K, reserved 1114112K
  class space    used 3018K, committed 3136K, reserved 1048576K
}
Event: 22.823 GC heap after
{Heap after GC invocations=4 (full 0):
 garbage-first heap   total reserved 999424K, committed 37888K, used 12537K [0x00000000c3000000, 0x0000000100000000)
  region size 1024K, 3 young (3072K), 3 survivors (3072K)
 Metaspace       used 28071K, committed 28352K, reserved 1114112K
  class space    used 3018K, committed 3136K, reserved 1048576K
}
Event: 24.770 GC heap before
{Heap before GC invocations=4 (full 0):
 garbage-first heap   total reserved 999424K, committed 37888K, used 27897K [0x00000000c3000000, 0x0000000100000000)
  region size 1024K, 18 young (18432K), 3 survivors (3072K)
 Metaspace       used 33025K, committed 33344K, reserved 1114112K
  class space    used 3677K, committed 3840K, reserved 1048576K
}
Event: 24.781 GC heap after
{Heap after GC invocations=5 (full 0):
 garbage-first heap   total reserved 999424K, committed 37888K, used 13995K [0x00000000c3000000, 0x0000000100000000)
  region size 1024K, 2 young (2048K), 2 survivors (2048K)
 Metaspace       used 33025K, committed 33344K, reserved 1114112K
  class space    used 3677K, committed 3840K, reserved 1048576K
}
Event: 24.873 GC heap before
{Heap before GC invocations=5 (full 0):
 garbage-first heap   total reserved 999424K, committed 37888K, used 15019K [0x00000000c3000000, 0x0000000100000000)
  region size 1024K, 4 young (4096K), 2 survivors (2048K)
 Metaspace       used 33375K, committed 33728K, reserved 1114112K
  class space    used 3733K, committed 3904K, reserved 1048576K
}
Event: 24.877 GC heap after
{Heap after GC invocations=6 (full 0):
 garbage-first heap   total reserved 999424K, committed 37888K, used 14124K [0x00000000c3000000, 0x0000000100000000)
  region size 1024K, 2 young (2048K), 2 survivors (2048K)
 Metaspace       used 33375K, committed 33728K, reserved 1114112K
  class space    used 3733K, committed 3904K, reserved 1048576K
}

