<?xml version="1.0" encoding="UTF-8"?>
<testng-results ignored="0" total="1" passed="1" failed="0" skipped="0">
  <reporter-output>
  </reporter-output>
  <suite started-at="2024-11-22T19:34:36 IST" name="Default suite" finished-at="2024-11-22T19:35:08 IST" duration-ms="32639">
    <groups>
    </groups>
    <test started-at="2024-11-22T19:34:36 IST" name="Default test" finished-at="2024-11-22T19:35:08 IST" duration-ms="32639">
      <class name="com.runner.OpenMrsRunner">
        <test-method is-config="true" signature="extendReportStartUp()[pri:0, instance:com.runner.OpenMrsRunner@1c5920df]" started-at="2024-11-22T19:34:35 IST" name="extendReportStartUp" finished-at="2024-11-22T19:34:36 IST" duration-ms="1000" status="PASS">
          <reporter-output>
          </reporter-output>
        </test-method> <!-- extendReportStartUp -->
        <test-method is-config="true" signature="setUp()[pri:0, instance:com.runner.OpenMrsRunner@1c5920df]" started-at="2024-11-22T19:34:36 IST" name="setUp" finished-at="2024-11-22T19:34:58 IST" duration-ms="21732" status="PASS">
          <reporter-output>
          </reporter-output>
        </test-method> <!-- setUp -->
        <test-method signature="validLogin()[pri:0, instance:com.runner.OpenMrsRunner@1c5920df]" started-at="2024-11-22T19:34:58 IST" name="validLogin" finished-at="2024-11-22T19:35:06 IST" duration-ms="8768" status="PASS">
          <reporter-output>
          </reporter-output>
        </test-method> <!-- validLogin -->
        <test-method is-config="true" signature="termination()[pri:0, instance:com.runner.OpenMrsRunner@1c5920df]" started-at="2024-11-22T19:35:07 IST" name="termination" finished-at="2024-11-22T19:35:08 IST" duration-ms="1567" status="PASS">
          <reporter-output>
          </reporter-output>
        </test-method> <!-- termination -->
        <test-method is-config="true" signature="extentReportEnd()[pri:0, instance:com.runner.OpenMrsRunner@1c5920df]" started-at="2024-11-22T19:35:09 IST" name="extentReportEnd" finished-at="2024-11-22T19:35:13 IST" duration-ms="4488" status="PASS">
          <reporter-output>
          </reporter-output>
        </test-method> <!-- extentReportEnd -->
      </class> <!-- com.runner.OpenMrsRunner -->
    </test> <!-- Default test -->
  </suite> <!-- Default suite -->
</testng-results>
